This file contains any messages produced by compilers while
running configure, to aid debugging if configure makes a mistake.

It was created by bus-stops configure 0.0.1, which was
generated by GNU Autoconf 2.69.  Invocation command line was

  $ ./configure AM_CXXFLAGS=-I/home/user/libosmium/include

## --------- ##
## Platform. ##
## --------- ##

hostname = szabob-CX61-0OC-CX61-0OD-CX61-0OL
uname -m = x86_64
uname -r = 3.13.0-24-generic
uname -s = Linux
uname -v = #47-Ubuntu SMP Fri May 2 23:30:00 UTC 2014

/usr/bin/uname -p = unknown
/bin/uname -X     = unknown

/bin/arch              = unknown
/usr/bin/arch -k       = unknown
/usr/convex/getsysinfo = unknown
/usr/bin/hostinfo      = unknown
/bin/machine           = unknown
/usr/bin/oslevel       = unknown
/bin/universe          = unknown

PATH: /home/szabob/apache-maven-3.2.3/bin
PATH: /usr/local/sbin
PATH: /usr/local/bin
PATH: /usr/sbin
PATH: /usr/bin
PATH: /sbin
PATH: /bin
PATH: /usr/games
PATH: /usr/local/games
PATH: /home/szabob/adt-bundle-linux-x86_64-20140702/sdk/tools
PATH: /home/szabob/adt-bundle-linux-x86_64-20140702/sdk/platform-tools


## ----------- ##
## Core tests. ##
## ----------- ##

configure:2202: checking for a BSD-compatible install
configure:2270: result: /usr/bin/install -c
configure:2281: checking whether build environment is sane
configure:2336: result: yes
configure:2487: checking for a thread-safe mkdir -p
configure:2526: result: /bin/mkdir -p
configure:2533: checking for gawk
configure:2549: found /usr/bin/gawk
configure:2560: result: gawk
configure:2571: checking whether make sets $(MAKE)
configure:2593: result: yes
configure:2622: checking whether make supports nested variables
configure:2639: result: yes
configure:2776: checking for style of include used by make
configure:2804: result: GNU
configure:2875: checking for gcc
configure:2891: found /usr/bin/gcc
configure:2902: result: gcc
configure:3131: checking for C compiler version
configure:3140: gcc --version >&5
gcc (Ubuntu 4.8.2-19ubuntu1) 4.8.2
Copyright (C) 2013 Free Software Foundation, Inc.
This is free software; see the source for copying conditions.  There is NO
warranty; not even for MERCHANTABILITY or FITNESS FOR A PARTICULAR PURPOSE.

configure:3151: $? = 0
configure:3140: gcc -v >&5
Using built-in specs.
COLLECT_GCC=gcc
COLLECT_LTO_WRAPPER=/usr/lib/gcc/x86_64-linux-gnu/4.8/lto-wrapper
Target: x86_64-linux-gnu
Configured with: ../src/configure -v --with-pkgversion='Ubuntu 4.8.2-19ubuntu1' --with-bugurl=file:///usr/share/doc/gcc-4.8/README.Bugs --enable-languages=c,c++,java,go,d,fortran,objc,obj-c++ --prefix=/usr --program-suffix=-4.8 --enable-shared --enable-linker-build-id --libexecdir=/usr/lib --without-included-gettext --enable-threads=posix --with-gxx-include-dir=/usr/include/c++/4.8 --libdir=/usr/lib --enable-nls --with-sysroot=/ --enable-clocale=gnu --enable-libstdcxx-debug --enable-libstdcxx-time=yes --enable-gnu-unique-object --disable-libmudflap --enable-plugin --with-system-zlib --disable-browser-plugin --enable-java-awt=gtk --enable-gtk-cairo --with-java-home=/usr/lib/jvm/java-1.5.0-gcj-4.8-amd64/jre --enable-java-home --with-jvm-root-dir=/usr/lib/jvm/java-1.5.0-gcj-4.8-amd64 --with-jvm-jar-dir=/usr/lib/jvm-exports/java-1.5.0-gcj-4.8-amd64 --with-arch-directory=amd64 --with-ecj-jar=/usr/share/java/eclipse-ecj.jar --enable-objc-gc --enable-multiarch --disable-werror --with-arch-32=i686 --with-abi=m64 --with-multilib-list=m32,m64,mx32 --with-tune=generic --enable-checking=release --build=x86_64-linux-gnu --host=x86_64-linux-gnu --target=x86_64-linux-gnu
Thread model: posix
gcc version 4.8.2 (Ubuntu 4.8.2-19ubuntu1) 
configure:3151: $? = 0
configure:3140: gcc -V >&5
gcc: error: unrecognized command line option '-V'
gcc: fatal error: no input files
compilation terminated.
configure:3151: $? = 4
configure:3140: gcc -qversion >&5
gcc: error: unrecognized command line option '-qversion'
gcc: fatal error: no input files
compilation terminated.
configure:3151: $? = 4
configure:3171: checking whether the C compiler works
configure:3193: gcc    conftest.c  >&5
configure:3197: $? = 0
configure:3245: result: yes
configure:3248: checking for C compiler default output file name
configure:3250: result: a.out
configure:3256: checking for suffix of executables
configure:3263: gcc -o conftest    conftest.c  >&5
configure:3267: $? = 0
configure:3289: result: 
configure:3311: checking whether we are cross compiling
configure:3319: gcc -o conftest    conftest.c  >&5
configure:3323: $? = 0
configure:3330: ./conftest
configure:3334: $? = 0
configure:3349: result: no
configure:3354: checking for suffix of object files
configure:3376: gcc -c   conftest.c >&5
configure:3380: $? = 0
configure:3401: result: o
configure:3405: checking whether we are using the GNU C compiler
configure:3424: gcc -c   conftest.c >&5
configure:3424: $? = 0
configure:3433: result: yes
configure:3442: checking whether gcc accepts -g
configure:3462: gcc -c -g  conftest.c >&5
configure:3462: $? = 0
configure:3503: result: yes
configure:3520: checking for gcc option to accept ISO C89
configure:3583: gcc  -c -g -O2  conftest.c >&5
configure:3583: $? = 0
configure:3596: result: none needed
configure:3621: checking whether gcc understands -c and -o together
configure:3643: gcc -c conftest.c -o conftest2.o
configure:3646: $? = 0
configure:3643: gcc -c conftest.c -o conftest2.o
configure:3646: $? = 0
configure:3658: result: yes
configure:3677: checking dependency style of gcc
configure:3788: result: gcc3
configure:3804: checking for pthread_create in -lpthread
configure:3829: gcc -o conftest -g -O2   conftest.c -lpthread   >&5
configure:3829: $? = 0
configure:3838: result: yes
configure:3903: checking for pkg-config
configure:3921: found /usr/bin/pkg-config
configure:3933: result: /usr/bin/pkg-config
configure:3958: checking pkg-config is at least version 0.9.0
configure:3961: result: yes
configure:3971: checking for protobuf
configure:3978: $PKG_CONFIG --exists --print-errors "protobuf"
configure:3981: $? = 0
configure:3995: $PKG_CONFIG --exists --print-errors "protobuf"
configure:3998: $? = 0
configure:4056: result: yes
configure:4119: checking for g++
configure:4135: found /usr/bin/g++
configure:4146: result: g++
configure:4173: checking for C++ compiler version
configure:4182: g++ --version >&5
g++ (Ubuntu 4.8.2-19ubuntu1) 4.8.2
Copyright (C) 2013 Free Software Foundation, Inc.
This is free software; see the source for copying conditions.  There is NO
warranty; not even for MERCHANTABILITY or FITNESS FOR A PARTICULAR PURPOSE.

configure:4193: $? = 0
configure:4182: g++ -v >&5
Using built-in specs.
COLLECT_GCC=g++
COLLECT_LTO_WRAPPER=/usr/lib/gcc/x86_64-linux-gnu/4.8/lto-wrapper
Target: x86_64-linux-gnu
Configured with: ../src/configure -v --with-pkgversion='Ubuntu 4.8.2-19ubuntu1' --with-bugurl=file:///usr/share/doc/gcc-4.8/README.Bugs --enable-languages=c,c++,java,go,d,fortran,objc,obj-c++ --prefix=/usr --program-suffix=-4.8 --enable-shared --enable-linker-build-id --libexecdir=/usr/lib --without-included-gettext --enable-threads=posix --with-gxx-include-dir=/usr/include/c++/4.8 --libdir=/usr/lib --enable-nls --with-sysroot=/ --enable-clocale=gnu --enable-libstdcxx-debug --enable-libstdcxx-time=yes --enable-gnu-unique-object --disable-libmudflap --enable-plugin --with-system-zlib --disable-browser-plugin --enable-java-awt=gtk --enable-gtk-cairo --with-java-home=/usr/lib/jvm/java-1.5.0-gcj-4.8-amd64/jre --enable-java-home --with-jvm-root-dir=/usr/lib/jvm/java-1.5.0-gcj-4.8-amd64 --with-jvm-jar-dir=/usr/lib/jvm-exports/java-1.5.0-gcj-4.8-amd64 --with-arch-directory=amd64 --with-ecj-jar=/usr/share/java/eclipse-ecj.jar --enable-objc-gc --enable-multiarch --disable-werror --with-arch-32=i686 --with-abi=m64 --with-multilib-list=m32,m64,mx32 --with-tune=generic --enable-checking=release --build=x86_64-linux-gnu --host=x86_64-linux-gnu --target=x86_64-linux-gnu
Thread model: posix
gcc version 4.8.2 (Ubuntu 4.8.2-19ubuntu1) 
configure:4193: $? = 0
configure:4182: g++ -V >&5
g++: error: unrecognized command line option '-V'
g++: fatal error: no input files
compilation terminated.
configure:4193: $? = 4
configure:4182: g++ -qversion >&5
g++: error: unrecognized command line option '-qversion'
g++: fatal error: no input files
compilation terminated.
configure:4193: $? = 4
configure:4197: checking whether we are using the GNU C++ compiler
configure:4216: g++ -c   conftest.cpp >&5
configure:4216: $? = 0
configure:4225: result: yes
configure:4234: checking whether g++ accepts -g
configure:4254: g++ -c -g  conftest.cpp >&5
configure:4254: $? = 0
configure:4295: result: yes
configure:4320: checking dependency style of g++
configure:4431: result: gcc3
configure:4468: checking whether g++ supports C++11 features by default
configure:4502: g++ -c -Wall -std=c++11 -O3  conftest.cpp >&5
configure:4502: $? = 0
configure:4509: result: yes
configure:4663: checking how to run the C++ preprocessor
configure:4690: g++ -E  conftest.cpp
configure:4690: $? = 0
configure:4704: g++ -E  conftest.cpp
conftest.cpp:12:28: fatal error: ac_nonexistent.h: No such file or directory
 #include <ac_nonexistent.h>
                            ^
compilation terminated.
configure:4704: $? = 1
configure: failed program was:
| /* confdefs.h */
| #define PACKAGE_NAME "bus-stops"
| #define PACKAGE_TARNAME "bus-stops"
| #define PACKAGE_VERSION "0.0.1"
| #define PACKAGE_STRING "bus-stops 0.0.1"
| #define PACKAGE_BUGREPORT "nbatfai@gmail.com"
| #define PACKAGE_URL ""
| #define PACKAGE "bus-stops"
| #define VERSION "0.0.1"
| #define HAVE_LIBPTHREAD 1
| /* end confdefs.h.  */
| #include <ac_nonexistent.h>
configure:4729: result: g++ -E
configure:4749: g++ -E  conftest.cpp
configure:4749: $? = 0
configure:4763: g++ -E  conftest.cpp
conftest.cpp:12:28: fatal error: ac_nonexistent.h: No such file or directory
 #include <ac_nonexistent.h>
                            ^
compilation terminated.
configure:4763: $? = 1
configure: failed program was:
| /* confdefs.h */
| #define PACKAGE_NAME "bus-stops"
| #define PACKAGE_TARNAME "bus-stops"
| #define PACKAGE_VERSION "0.0.1"
| #define PACKAGE_STRING "bus-stops 0.0.1"
| #define PACKAGE_BUGREPORT "nbatfai@gmail.com"
| #define PACKAGE_URL ""
| #define PACKAGE "bus-stops"
| #define VERSION "0.0.1"
| #define HAVE_LIBPTHREAD 1
| /* end confdefs.h.  */
| #include <ac_nonexistent.h>
configure:4792: checking for grep that handles long lines and -e
configure:4850: result: /bin/grep
configure:4855: checking for egrep
configure:4917: result: /bin/grep -E
configure:4922: checking for ANSI C header files
configure:4942: g++ -c -I/home/user/libosmium/include -Wall -std=c++11 -O3  conftest.cpp >&5
configure:4942: $? = 0
configure:5015: g++ -o conftest -I/home/user/libosmium/include -Wall -std=c++11 -O3   conftest.cpp -lpthread  >&5
configure:5015: $? = 0
configure:5015: ./conftest
configure:5015: $? = 0
configure:5026: result: yes
configure:5039: checking for sys/types.h
configure:5039: g++ -c -I/home/user/libosmium/include -Wall -std=c++11 -O3  conftest.cpp >&5
configure:5039: $? = 0
configure:5039: result: yes
configure:5039: checking for sys/stat.h
configure:5039: g++ -c -I/home/user/libosmium/include -Wall -std=c++11 -O3  conftest.cpp >&5
configure:5039: $? = 0
configure:5039: result: yes
configure:5039: checking for stdlib.h
configure:5039: g++ -c -I/home/user/libosmium/include -Wall -std=c++11 -O3  conftest.cpp >&5
configure:5039: $? = 0
configure:5039: result: yes
configure:5039: checking for string.h
configure:5039: g++ -c -I/home/user/libosmium/include -Wall -std=c++11 -O3  conftest.cpp >&5
configure:5039: $? = 0
configure:5039: result: yes
configure:5039: checking for memory.h
configure:5039: g++ -c -I/home/user/libosmium/include -Wall -std=c++11 -O3  conftest.cpp >&5
configure:5039: $? = 0
configure:5039: result: yes
configure:5039: checking for strings.h
configure:5039: g++ -c -I/home/user/libosmium/include -Wall -std=c++11 -O3  conftest.cpp >&5
configure:5039: $? = 0
configure:5039: result: yes
configure:5039: checking for inttypes.h
configure:5039: g++ -c -I/home/user/libosmium/include -Wall -std=c++11 -O3  conftest.cpp >&5
configure:5039: $? = 0
configure:5039: result: yes
configure:5039: checking for stdint.h
configure:5039: g++ -c -I/home/user/libosmium/include -Wall -std=c++11 -O3  conftest.cpp >&5
configure:5039: $? = 0
configure:5039: result: yes
configure:5039: checking for unistd.h
configure:5039: g++ -c -I/home/user/libosmium/include -Wall -std=c++11 -O3  conftest.cpp >&5
configure:5039: $? = 0
configure:5039: result: yes
configure:5051: checking osmium/osm/relation.hpp usability
configure:5051: g++ -c -I/home/user/libosmium/include -Wall -std=c++11 -O3  conftest.cpp >&5
configure:5051: $? = 0
configure:5051: result: yes
configure:5051: checking osmium/osm/relation.hpp presence
configure:5051: g++ -E  conftest.cpp
In file included from /usr/include/c++/4.8/cstdint:35:0,
                 from /usr/include/osmium/osm/relation.hpp:37,
                 from conftest.cpp:22:
/usr/include/c++/4.8/bits/c++0x_warning.h:32:2: error: #error This file requires compiler and library support for the ISO C++ 2011 standard. This support is currently experimental, and must be enabled with the -std=c++11 or -std=gnu++11 compiler options.
 #error This file requires compiler and library support for the \
  ^
configure:5051: $? = 1
configure: failed program was:
| /* confdefs.h */
| #define PACKAGE_NAME "bus-stops"
| #define PACKAGE_TARNAME "bus-stops"
| #define PACKAGE_VERSION "0.0.1"
| #define PACKAGE_STRING "bus-stops 0.0.1"
| #define PACKAGE_BUGREPORT "nbatfai@gmail.com"
| #define PACKAGE_URL ""
| #define PACKAGE "bus-stops"
| #define VERSION "0.0.1"
| #define HAVE_LIBPTHREAD 1
| #define STDC_HEADERS 1
| #define HAVE_SYS_TYPES_H 1
| #define HAVE_SYS_STAT_H 1
| #define HAVE_STDLIB_H 1
| #define HAVE_STRING_H 1
| #define HAVE_MEMORY_H 1
| #define HAVE_STRINGS_H 1
| #define HAVE_INTTYPES_H 1
| #define HAVE_STDINT_H 1
| #define HAVE_UNISTD_H 1
| /* end confdefs.h.  */
| #include <osmium/osm/relation.hpp>
configure:5051: result: no
configure:5051: WARNING: osmium/osm/relation.hpp: accepted by the compiler, rejected by the preprocessor!
configure:5051: WARNING: osmium/osm/relation.hpp: proceeding with the compiler's result
configure:5051: checking for osmium/osm/relation.hpp
configure:5051: result: yes
configure:5057: checking osmium/io/any_input.hpp usability
configure:5057: g++ -c -I/home/user/libosmium/include -Wall -std=c++11 -O3  conftest.cpp >&5
configure:5057: $? = 0
configure:5057: result: yes
configure:5057: checking osmium/io/any_input.hpp presence
configure:5057: g++ -E  conftest.cpp
In file included from /usr/include/c++/4.8/system_error:35:0,
                 from /usr/include/osmium/io/compression.hpp:42,
                 from /usr/include/osmium/io/bzip2_compression.hpp:48,
                 from /usr/include/osmium/io/any_compression.hpp:36,
                 from /usr/include/osmium/io/any_input.hpp:36,
                 from conftest.cpp:22:
/usr/include/c++/4.8/bits/c++0x_warning.h:32:2: error: #error This file requires compiler and library support for the ISO C++ 2011 standard. This support is currently experimental, and must be enabled with the -std=c++11 or -std=gnu++11 compiler options.
 #error This file requires compiler and library support for the \
  ^
configure:5057: $? = 1
configure: failed program was:
| /* confdefs.h */
| #define PACKAGE_NAME "bus-stops"
| #define PACKAGE_TARNAME "bus-stops"
| #define PACKAGE_VERSION "0.0.1"
| #define PACKAGE_STRING "bus-stops 0.0.1"
| #define PACKAGE_BUGREPORT "nbatfai@gmail.com"
| #define PACKAGE_URL ""
| #define PACKAGE "bus-stops"
| #define VERSION "0.0.1"
| #define HAVE_LIBPTHREAD 1
| #define STDC_HEADERS 1
| #define HAVE_SYS_TYPES_H 1
| #define HAVE_SYS_STAT_H 1
| #define HAVE_STDLIB_H 1
| #define HAVE_STRING_H 1
| #define HAVE_MEMORY_H 1
| #define HAVE_STRINGS_H 1
| #define HAVE_INTTYPES_H 1
| #define HAVE_STDINT_H 1
| #define HAVE_UNISTD_H 1
| /* end confdefs.h.  */
| #include <osmium/io/any_input.hpp>
configure:5057: result: no
configure:5057: WARNING: osmium/io/any_input.hpp: accepted by the compiler, rejected by the preprocessor!
configure:5057: WARNING: osmium/io/any_input.hpp: proceeding with the compiler's result
configure:5057: checking for osmium/io/any_input.hpp
configure:5057: result: yes
configure:5255: checking that generated files are newer than configure
configure:5261: result: done
configure:5288: creating ./config.status

## ---------------------- ##
## Running config.status. ##
## ---------------------- ##

This file was extended by bus-stops config.status 0.0.1, which was
generated by GNU Autoconf 2.69.  Invocation command line was

  CONFIG_FILES    = 
  CONFIG_HEADERS  = 
  CONFIG_LINKS    = 
  CONFIG_COMMANDS = 
  $ ./config.status 

on szabob-CX61-0OC-CX61-0OD-CX61-0OL

config.status:791: creating Makefile
config.status:791: creating src/Makefile
config.status:963: executing depfiles commands

## ---------------- ##
## Cache variables. ##
## ---------------- ##

ac_cv_c_compiler_gnu=yes
ac_cv_cxx_compiler_gnu=yes
ac_cv_env_CCC_set=
ac_cv_env_CCC_value=
ac_cv_env_CC_set=
ac_cv_env_CC_value=
ac_cv_env_CFLAGS_set=
ac_cv_env_CFLAGS_value=
ac_cv_env_CPPFLAGS_set=
ac_cv_env_CPPFLAGS_value=
ac_cv_env_CXXCPP_set=
ac_cv_env_CXXCPP_value=
ac_cv_env_CXXFLAGS_set=
ac_cv_env_CXXFLAGS_value=
ac_cv_env_CXX_set=
ac_cv_env_CXX_value=
ac_cv_env_LDFLAGS_set=
ac_cv_env_LDFLAGS_value=
ac_cv_env_LIBS_set=
ac_cv_env_LIBS_value=
ac_cv_env_PKG_CONFIG_LIBDIR_set=
ac_cv_env_PKG_CONFIG_LIBDIR_value=
ac_cv_env_PKG_CONFIG_PATH_set=
ac_cv_env_PKG_CONFIG_PATH_value=
ac_cv_env_PKG_CONFIG_set=
ac_cv_env_PKG_CONFIG_value=
ac_cv_env_build_alias_set=
ac_cv_env_build_alias_value=
ac_cv_env_host_alias_set=
ac_cv_env_host_alias_value=
ac_cv_env_protobuf_CFLAGS_set=
ac_cv_env_protobuf_CFLAGS_value=
ac_cv_env_protobuf_LIBS_set=
ac_cv_env_protobuf_LIBS_value=
ac_cv_env_target_alias_set=
ac_cv_env_target_alias_value=
ac_cv_header_inttypes_h=yes
ac_cv_header_memory_h=yes
ac_cv_header_osmium_io_any_input_hpp=yes
ac_cv_header_osmium_osm_relation_hpp=yes
ac_cv_header_stdc=yes
ac_cv_header_stdint_h=yes
ac_cv_header_stdlib_h=yes
ac_cv_header_string_h=yes
ac_cv_header_strings_h=yes
ac_cv_header_sys_stat_h=yes
ac_cv_header_sys_types_h=yes
ac_cv_header_unistd_h=yes
ac_cv_lib_pthread_pthread_create=yes
ac_cv_objext=o
ac_cv_path_EGREP='/bin/grep -E'
ac_cv_path_GREP=/bin/grep
ac_cv_path_ac_pt_PKG_CONFIG=/usr/bin/pkg-config
ac_cv_path_install='/usr/bin/install -c'
ac_cv_path_mkdir=/bin/mkdir
ac_cv_prog_AWK=gawk
ac_cv_prog_CXXCPP='g++ -E'
ac_cv_prog_ac_ct_CC=gcc
ac_cv_prog_ac_ct_CXX=g++
ac_cv_prog_cc_c89=
ac_cv_prog_cc_g=yes
ac_cv_prog_cxx_g=yes
ac_cv_prog_make_make_set=yes
am_cv_CC_dependencies_compiler_type=gcc3
am_cv_CXX_dependencies_compiler_type=gcc3
am_cv_make_support_nested_variables=yes
am_cv_prog_cc_c_o=yes
ax_cv_cxx_compile_cxx11=yes
pkg_cv_protobuf_CFLAGS='-pthread  '
pkg_cv_protobuf_LIBS='-pthread -lprotobuf -lpthread  '

## ----------------- ##
## Output variables. ##
## ----------------- ##

ACLOCAL='${SHELL} /home/szabob/udprog-code/source/robotauto/elotanulmanyok/OpenStreetMap/Norbi/bus-stops/missing aclocal-1.14'
AMDEPBACKSLASH='\'
AMDEP_FALSE='#'
AMDEP_TRUE=''
AMTAR='$${TAR-tar}'
AM_BACKSLASH='\'
AM_CXXFLAGS='-I/home/user/libosmium/include'
AM_DEFAULT_V='$(AM_DEFAULT_VERBOSITY)'
AM_DEFAULT_VERBOSITY='1'
AM_LDFLAGS=''
AM_V='$(V)'
AUTOCONF='${SHELL} /home/szabob/udprog-code/source/robotauto/elotanulmanyok/OpenStreetMap/Norbi/bus-stops/missing autoconf'
AUTOHEADER='${SHELL} /home/szabob/udprog-code/source/robotauto/elotanulmanyok/OpenStreetMap/Norbi/bus-stops/missing autoheader'
AUTOMAKE='${SHELL} /home/szabob/udprog-code/source/robotauto/elotanulmanyok/OpenStreetMap/Norbi/bus-stops/missing automake-1.14'
AWK='gawk'
CC='gcc'
CCDEPMODE='depmode=gcc3'
CFLAGS='-g -O2'
CPPFLAGS=''
CXX='g++'
CXXCPP='g++ -E'
CXXDEPMODE='depmode=gcc3'
CXXFLAGS='-I/home/user/libosmium/include -Wall -std=c++11 -O3'
CYGPATH_W='echo'
DEFS='-DPACKAGE_NAME=\"bus-stops\" -DPACKAGE_TARNAME=\"bus-stops\" -DPACKAGE_VERSION=\"0.0.1\" -DPACKAGE_STRING=\"bus-stops\ 0.0.1\" -DPACKAGE_BUGREPORT=\"nbatfai@gmail.com\" -DPACKAGE_URL=\"\" -DPACKAGE=\"bus-stops\" -DVERSION=\"0.0.1\" -DHAVE_LIBPTHREAD=1 -DSTDC_HEADERS=1 -DHAVE_SYS_TYPES_H=1 -DHAVE_SYS_STAT_H=1 -DHAVE_STDLIB_H=1 -DHAVE_STRING_H=1 -DHAVE_MEMORY_H=1 -DHAVE_STRINGS_H=1 -DHAVE_INTTYPES_H=1 -DHAVE_STDINT_H=1 -DHAVE_UNISTD_H=1'
DEPDIR='.deps'
ECHO_C=''
ECHO_N='-n'
ECHO_T=''
EGREP='/bin/grep -E'
EXEEXT=''
GREP='/bin/grep'
HAVE_CXX11=''
INSTALL_DATA='${INSTALL} -m 644'
INSTALL_PROGRAM='${INSTALL}'
INSTALL_SCRIPT='${INSTALL}'
INSTALL_STRIP_PROGRAM='$(install_sh) -c -s'
LDFLAGS=''
LIBOBJS=''
LIBS='-lexpat -lprotobuf-lite -losmpbf -lz -lbz2 -lpthread '
LTLIBOBJS=''
MAKEINFO='${SHELL} /home/szabob/udprog-code/source/robotauto/elotanulmanyok/OpenStreetMap/Norbi/bus-stops/missing makeinfo'
MKDIR_P='/bin/mkdir -p'
OBJEXT='o'
PACKAGE='bus-stops'
PACKAGE_BUGREPORT='nbatfai@gmail.com'
PACKAGE_NAME='bus-stops'
PACKAGE_STRING='bus-stops 0.0.1'
PACKAGE_TARNAME='bus-stops'
PACKAGE_URL=''
PACKAGE_VERSION='0.0.1'
PATH_SEPARATOR=':'
PKG_CONFIG='/usr/bin/pkg-config'
PKG_CONFIG_LIBDIR=''
PKG_CONFIG_PATH=''
SET_MAKE=''
SHELL='/bin/bash'
STRIP=''
VERSION='0.0.1'
ac_ct_CC='gcc'
ac_ct_CXX='g++'
am__EXEEXT_FALSE=''
am__EXEEXT_TRUE='#'
am__fastdepCC_FALSE='#'
am__fastdepCC_TRUE=''
am__fastdepCXX_FALSE='#'
am__fastdepCXX_TRUE=''
am__include='include'
am__isrc=''
am__leading_dot='.'
am__nodep='_no'
am__quote=''
am__tar='$${TAR-tar} chof - "$$tardir"'
am__untar='$${TAR-tar} xf -'
bindir='${exec_prefix}/bin'
build_alias=''
datadir='${datarootdir}'
datarootdir='${prefix}/share'
docdir='${datarootdir}/doc/${PACKAGE_TARNAME}'
dvidir='${docdir}'
exec_prefix='${prefix}'
host_alias=''
htmldir='${docdir}'
includedir='${prefix}/include'
infodir='${datarootdir}/info'
install_sh='${SHELL} /home/szabob/udprog-code/source/robotauto/elotanulmanyok/OpenStreetMap/Norbi/bus-stops/install-sh'
libdir='${exec_prefix}/lib'
libexecdir='${exec_prefix}/libexec'
localedir='${datarootdir}/locale'
localstatedir='${prefix}/var'
mandir='${datarootdir}/man'
mkdir_p='$(MKDIR_P)'
oldincludedir='/usr/include'
pdfdir='${docdir}'
prefix='/usr/local'
program_transform_name='s,x,x,'
protobuf_CFLAGS='-pthread  '
protobuf_LIBS='-pthread -lprotobuf -lpthread  '
psdir='${docdir}'
sbindir='${exec_prefix}/sbin'
sharedstatedir='${prefix}/com'
sysconfdir='${prefix}/etc'
target_alias=''

## ----------- ##
## confdefs.h. ##
## ----------- ##

/* confdefs.h */
#define PACKAGE_NAME "bus-stops"
#define PACKAGE_TARNAME "bus-stops"
#define PACKAGE_VERSION "0.0.1"
#define PACKAGE_STRING "bus-stops 0.0.1"
#define PACKAGE_BUGREPORT "nbatfai@gmail.com"
#define PACKAGE_URL ""
#define PACKAGE "bus-stops"
#define VERSION "0.0.1"
#define HAVE_LIBPTHREAD 1
#define STDC_HEADERS 1
#define HAVE_SYS_TYPES_H 1
#define HAVE_SYS_STAT_H 1
#define HAVE_STDLIB_H 1
#define HAVE_STRING_H 1
#define HAVE_MEMORY_H 1
#define HAVE_STRINGS_H 1
#define HAVE_INTTYPES_H 1
#define HAVE_STDINT_H 1
#define HAVE_UNISTD_H 1

configure: exit 0
